This is e-pTeX, Version 3.14159265-p3.7-160201-2.6 (utf8.euc) (TeX Live 2016) (preloaded format=platex 2016.8.15)  31 AUG 2016 22:44
entering extended mode
 restricted \write18 enabled.
 %&-line parsing enabled.
**Y4260g.tex
(./Y4260g.tex
pLaTeX2e <2016/05/07> (based on LaTeX2e <2016/03/31>)
Babel <3.9r> and hyphenation patterns for 83 language(s) loaded.
(/usr/local/texlive/2016/texmf-dist/tex/platex/base/jarticle.cls
Document Class: jarticle 2006/06/27 v1.6 Standard pLaTeX class
\c@@paper=\count81
(/usr/local/texlive/2016/texmf-dist/tex/platex/base/jsize10.clo
File: jsize10.clo 2006/06/27 v1.6 Standard pLaTeX file (size option)
)
\c@part=\count82
\c@section=\count83
\c@subsection=\count84
\c@subsubsection=\count85
\c@paragraph=\count86
\c@subparagraph=\count87
\c@figure=\count88
\c@table=\count89
\abovecaptionskip=\skip41
\belowcaptionskip=\skip42
\symmincho=\mathgroup4
LaTeX Font Info:    Overwriting symbol font `mincho' in version `bold'
(Font)                  JY1/mc/m/n --> JY1/gt/m/n on input line 593.
\toclineskip=\dimen118
\@lnumwidth=\dimen119
\bibindent=\dimen120
\heisei=\count90
)
(/usr/local/texlive/2016/texmf-dist/tex/latex/graphics/graphicx.sty
Package: graphicx 2014/10/28 v1.0g Enhanced LaTeX Graphics (DPC,SPQR)

(/usr/local/texlive/2016/texmf-dist/tex/latex/graphics/keyval.sty
Package: keyval 2014/10/28 v1.15 key=value parser (DPC)
\KV@toks@=\toks15
)
(/usr/local/texlive/2016/texmf-dist/tex/latex/graphics/graphics.sty
Package: graphics 2016/05/09 v1.0r Standard LaTeX Graphics (DPC,SPQR)

(/usr/local/texlive/2016/texmf-dist/tex/latex/graphics/trig.sty
Package: trig 2016/01/03 v1.10 sin cos tan (DPC)
)
(/usr/local/texlive/2016/texmf-dist/tex/latex/graphics-cfg/graphics.cfg
File: graphics.cfg 2016/01/02 v1.10 sample graphics configuration
)
Package graphics Info: Driver file: dvips.def on input line 96.

(/usr/local/texlive/2016/texmf-dist/tex/latex/graphics/dvips.def
File: dvips.def 2015/12/30 v3.0k Driver-dependent file (DPC,SPQR)
))
\Gin@req@height=\dimen121
\Gin@req@width=\dimen122
)
(/usr/local/texlive/2016/texmf-dist/tex/latex/amsmath/amsmath.sty
Package: amsmath 2016/03/10 v2.15b AMS math features
\@mathmargin=\skip43

For additional information on amsmath, use the `?' option.
(/usr/local/texlive/2016/texmf-dist/tex/latex/amsmath/amstext.sty
Package: amstext 2000/06/29 v2.01 AMS text

(/usr/local/texlive/2016/texmf-dist/tex/latex/amsmath/amsgen.sty
File: amsgen.sty 1999/11/30 v2.0 generic functions
\@emptytoks=\toks16
\ex@=\dimen123
))
(/usr/local/texlive/2016/texmf-dist/tex/latex/amsmath/amsbsy.sty
Package: amsbsy 1999/11/29 v1.2d Bold Symbols
\pmbraise@=\dimen124
)
(/usr/local/texlive/2016/texmf-dist/tex/latex/amsmath/amsopn.sty
Package: amsopn 2016/03/08 v2.02 operator names
)
\inf@bad=\count91
LaTeX Info: Redefining \frac on input line 199.
\uproot@=\count92
\leftroot@=\count93
LaTeX Info: Redefining \overline on input line 297.
\classnum@=\count94
\DOTSCASE@=\count95
LaTeX Info: Redefining \ldots on input line 394.
LaTeX Info: Redefining \dots on input line 397.
LaTeX Info: Redefining \cdots on input line 518.
\Mathstrutbox@=\box41
\strutbox@=\box42
\big@size=\dimen125
LaTeX Font Info:    Redeclaring font encoding OML on input line 634.
LaTeX Font Info:    Redeclaring font encoding OMS on input line 635.
\macc@depth=\count96
\c@MaxMatrixCols=\count97
\dotsspace@=\muskip10
\c@parentequation=\count98
\dspbrk@lvl=\count99
\tag@help=\toks17
\row@=\count100
\column@=\count101
\maxfields@=\count102
\andhelp@=\toks18
\eqnshift@=\dimen126
\alignsep@=\dimen127
\tagshift@=\dimen128
\tagwidth@=\dimen129
\totwidth@=\dimen130
\lineht@=\dimen131
\@envbody=\toks19
\multlinegap=\skip44
\multlinetaggap=\skip45
\mathdisplay@stack=\toks20
LaTeX Info: Redefining \[ on input line 2739.
LaTeX Info: Redefining \] on input line 2740.
)
(/usr/local/texlive/2016/texmf-dist/tex/latex/graphics/color.sty
Package: color 2016/05/09 v1.1c Standard LaTeX Color (DPC)

(/usr/local/texlive/2016/texmf-dist/tex/latex/graphics-cfg/color.cfg
File: color.cfg 2016/01/02 v1.6 sample color configuration
)
Package color Info: Driver file: dvips.def on input line 144.

(/usr/local/texlive/2016/texmf-dist/tex/latex/graphics/dvipsnam.def
File: dvipsnam.def 2015/12/30 v3.0k Driver-dependent file (DPC,SPQR)
))
(/usr/local/texlive/2016/texmf-dist/tex/latex/wrapfig/wrapfig.sty
\wrapoverhang=\dimen132
\WF@size=\dimen133
\c@WF@wrappedlines=\count103
\WF@box=\box43
\WF@everypar=\toks21
Package: wrapfig 2003/01/31  v 3.6
)
(/usr/local/texlive/2016/texmf-dist/tex/latex/graphics/lscape.sty
Package: lscape 2000/10/22 v3.01 Landscape Pages (DPC)
)
(./Y4260g.aux)
\openout1 = `Y4260g.aux'.

LaTeX Font Info:    Checking defaults for OML/cmm/m/it on input line 84.
LaTeX Font Info:    ... okay on input line 84.
LaTeX Font Info:    Checking defaults for T1/cmr/m/n on input line 84.
LaTeX Font Info:    ... okay on input line 84.
LaTeX Font Info:    Checking defaults for OT1/cmr/m/n on input line 84.
LaTeX Font Info:    ... okay on input line 84.
LaTeX Font Info:    Checking defaults for OMS/cmsy/m/n on input line 84.
LaTeX Font Info:    ... okay on input line 84.
LaTeX Font Info:    Checking defaults for OMX/cmex/m/n on input line 84.
LaTeX Font Info:    ... okay on input line 84.
LaTeX Font Info:    Checking defaults for U/cmr/m/n on input line 84.
LaTeX Font Info:    ... okay on input line 84.
LaTeX Font Info:    Checking defaults for JY1/mc/m/n on input line 84.
LaTeX Font Info:    ... okay on input line 84.
LaTeX Font Info:    Checking defaults for JT1/mc/m/n on input line 84.
LaTeX Font Info:    ... okay on input line 84.
LaTeX Font Info:    Font shape `JT1/mc/bx/n' in size <10> not available
(Font)              Font shape `JT1/gt/m/n' tried instead on input line 92.
LaTeX Font Info:    Font shape `JY1/mc/bx/n' in size <10> not available
(Font)              Font shape `JY1/gt/m/n' tried instead on input line 92.
LaTeX Font Info:    Font shape `JT1/mc/bx/n' in size <14.4> not available
(Font)              Font shape `JT1/gt/m/n' tried instead on input line 92.
LaTeX Font Info:    Font shape `JY1/mc/bx/n' in size <14.4> not available
(Font)              Font shape `JY1/gt/m/n' tried instead on input line 92.
 [1

]
Underfull \hbox (badness 5726) in paragraph at lines 207--214
[]\OT1/cmr/m/n/10 G. J. Ding, Phys. Rev. D \OT1/cmr/bx/n/10 79\OT1/cmr/m/n/10 ,
 014001 (2009) doi:10.1103/PhysRevD.79.014001
 []

[2]
Overfull \hbox (10.21219pt too wide) in paragraph at lines 308--310
[]$\OML/cmm/m/it/10 D[] D[]$ \JY1/mc/m/n/10 の \OT1/cmr/m/n/10 S \JY1/mc/m/n/10
 波の束縛状態とすると考えられる \OT1/cmr/m/n/10 de-cay mode \JY1/mc/m/n/10 は $
\OML/cmm/m/it/10 D[]\OT1/cmr/m/n/10 (2007)[] \OML/cmm/m/it/10 D[] ^^Y[]$ \JY1/m
c/m/n/10 と $\OML/cmm/m/it/10 D[] D[] ^^Y[] ^^Y[]$
 []


Overfull \hbox (38.17563pt too wide) in paragraph at lines 311--315
[]$\OML/cmm/m/it/10 D[]\OT1/cmr/m/n/10 (2010)[] [] \OML/cmm/m/it/10 ^^Y[]$ \JY1
/mc/m/n/10 と $\OML/cmm/m/it/10 D[]\OT1/cmr/m/n/10 (2007)[] \OML/cmm/m/it/10 D[
] ^^Y[]$ \JY1/mc/m/n/10 は $\OML/cmm/m/it/10 Y\OT1/cmr/m/n/10 (4260)$ \JY1/mc/m
/n/10 の崩壊モ ードとして調べられており、 $\OML/cmm/m/it/10 D[]\OT1/cmr/m/n/10 
(2010)[] []$
 []

[3]
LaTeX Font Info:    Font shape `JT1/mc/bx/n' in size <12> not available
(Font)              Font shape `JT1/gt/m/n' tried instead on input line 373.
LaTeX Font Info:    Font shape `JY1/mc/bx/n' in size <12> not available
(Font)              Font shape `JY1/gt/m/n' tried instead on input line 373.
 [4] [5] [6] [7]

Package amsmath Warning: Foreign command \over;
(amsmath)                \frac or \genfrac should be used instead
(amsmath)                 on input line 621.


Overfull \hbox (39.21126pt too wide) in paragraph at lines 647--647
[] 
 []

[8] [9] [10] [11]
Overfull \hbox (15.76315pt too wide) in paragraph at lines 876--876
[] 
 []


Overfull \hbox (30.66383pt too wide) in paragraph at lines 945--945
[] 
 []

[12]
Overfull \hbox (32.55647pt too wide) in paragraph at lines 1043--1043
[] 
 []

[13] [14] [15]
Overfull \hbox (64.47044pt too wide) in paragraph at lines 1103--1134
[][][][]
 []


LaTeX Warning: Float too large for page by 24.27585pt on input line 1134.

[16]
Overfull \hbox (28.60568pt too wide) in paragraph at lines 1152--1178
[]|  [][][]
 []


LaTeX Warning: Float too large for page by 26.74988pt on input line 1178.

[17]
Overfull \hbox (34.37831pt too wide) in paragraph at lines 1194--1225
[][][][]
 []


LaTeX Warning: Float too large for page by 24.27585pt on input line 1225.

[18]
Overfull \hbox (46.08308pt too wide) in paragraph at lines 1241--1272
[][][][]
 []


LaTeX Warning: Float too large for page by 24.27585pt on input line 1272.

[19]
Overfull \hbox (33.82927pt too wide) in paragraph at lines 1290--1316
[]|  [][][]
 []


LaTeX Warning: Float too large for page by 26.74988pt on input line 1316.

[20]
Overfull \hbox (34.7592pt too wide) in paragraph at lines 1332--1358
[]|  [][][]
 []


LaTeX Warning: Float too large for page by 26.74988pt on input line 1358.

[21]
LaTeX Font Info:    Try loading font information for OMS+cmr on input line 1437
.
 (/usr/local/texlive/2016/texmf-dist/tex/latex/base/omscmr.fd
File: omscmr.fd 2014/09/29 v2.5h Standard LaTeX font definitions
)
LaTeX Font Info:    Font shape `OMS/cmr/m/n' in size <10> not available
(Font)              Font shape `OMS/cmsy/m/n' tried instead on input line 1437.


Overfull \hbox (40.39679pt too wide) in paragraph at lines 1470--1490
[][][][]
 []


Overfull \hbox (0.92433pt too wide) in paragraph at lines 1506--1526
[][][][]
 []

[22












] [23] [24] [25] [26]
Overfull \hbox (15.98735pt too wide) in paragraph at lines 1795--1795
[] 
 []

[27]
Overfull \hbox (18.52805pt too wide) in paragraph at lines 1838--1838
[] 
 []


Overfull \hbox (26.05838pt too wide) in paragraph at lines 1847--1847
[] 
 []

[28]
Overfull \hbox (78.88301pt too wide) in paragraph at lines 1939--1939
[] 
 []

[29] [30]
Overfull \hbox (70.53838pt too wide) in paragraph at lines 2049--2049
[] 
 []


Overfull \hbox (63.27293pt too wide) in paragraph at lines 2087--2087
[] 
 []

[31]
Overfull \hbox (38.58025pt too wide) in paragraph at lines 2138--2138
[] 
 []


Overfull \hbox (48.79231pt too wide) in paragraph at lines 2151--2151
[] 
 []

[32] [33]
Overfull \hbox (41.43307pt too wide) in paragraph at lines 2262--2262
[] 
 []

[34] [35] (./Y4260g.aux) ) 
Here is how much of TeX's memory you used:
 1620 strings out of 493693
 19439 string characters out of 6149787
 160220 words of memory out of 5000000
 5181 multiletter control sequences out of 15000+600000
 19719 words of font info for 75 fonts, out of 8000000 for 9000
 929 hyphenation exceptions out of 8191
 27i,19n,23p,590b,301s stack positions out of 5000i,500n,10000p,200000b,80000s

Output written on Y4260g.dvi (35 pages, 292368 bytes).
